<?xml version="1.0" encoding="UTF-8"?>
<!-- Generated by org.testng.reporters.JUnitXMLReporter -->
<testsuite hostname="Bohar" ignored="0" name="Test" tests="4" failures="0" timestamp="02 Mar 2020 07:11:35 GMT" time="63.194" errors="0">
  <testcase name="@AfterMethod ShutBrowser" time="0.0" classname="org.test.scripts.SearchCorporateTest">
    <failure type="java.lang.NullPointerException">
      <![CDATA[java.lang.NullPointerException
at org.test.utilities.TestBase.repoStatus(TestBase.java:90)
at org.test.scripts.SearchCorporateTest.ShutBrowser(SearchCorporateTest.java:96)
... Removed 28 stack frames]]>
    </failure>
  </testcase> <!-- @AfterMethod ShutBrowser -->
  <testcase name="@BeforeMethod browserLaunch" time="0.0" classname="org.test.scripts.SearchCorporateTest">
    <skipped/>
  </testcase> <!-- @BeforeMethod browserLaunch -->
  <testcase name="@AfterMethod ShutBrowser" time="0.0" classname="org.test.scripts.SearchCorporateTest">
    <skipped/>
  </testcase> <!-- @AfterMethod ShutBrowser -->
  <testcase name="invalidLogin" time="6.595" classname="org.test.scripts.LoginTest"/>
  <testcase name="validLogin" time="20.071" classname="org.test.scripts.LoginTest"/>
  <testcase name="searchByAccNo" time="23.493" classname="org.test.scripts.SearchCorporateTest"/>
  <testcase name="searchByName" time="0.0" classname="org.test.scripts.SearchCorporateTest">
    <skipped/>
  </testcase> <!-- searchByName -->
</testsuite> <!-- Test -->
