<?xml version="1.0" encoding="UTF-8"?>
<testng-results skipped="0" failed="0" ignored="0" total="1" passed="1">
  <reporter-output>
  </reporter-output>
  <suite name="Default suite" duration-ms="33268" started-at="2020-03-02T09:59:09Z" finished-at="2020-03-02T09:59:43Z">
    <groups>
    </groups>
    <test name="Default test" duration-ms="33268" started-at="2020-03-02T09:59:09Z" finished-at="2020-03-02T09:59:43Z">
      <class name="org.test.scripts.SearchClientTest">
        <test-method status="PASS" signature="setup()[pri:0, instance:org.test.scripts.SearchClientTest@1a968a59]" name="setup" is-config="true" duration-ms="19" started-at="2020-03-02T09:59:09Z" finished-at="2020-03-02T09:59:09Z">
          <reporter-output>
          </reporter-output>
        </test-method> <!-- setup -->
        <test-method status="PASS" signature="browserLaunch()[pri:0, instance:org.test.scripts.SearchClientTest@1a968a59]" name="browserLaunch" is-config="true" duration-ms="4526" started-at="2020-03-02T09:59:09Z" finished-at="2020-03-02T09:59:14Z">
          <reporter-output>
          </reporter-output>
        </test-method> <!-- browserLaunch -->
        <test-method status="PASS" signature="searchClient()[pri:0, instance:org.test.scripts.SearchClientTest@1a968a59]" name="searchClient" duration-ms="28712" started-at="2020-03-02T09:59:14Z" finished-at="2020-03-02T09:59:43Z">
          <reporter-output>
          </reporter-output>
        </test-method> <!-- searchClient -->
      </class> <!-- org.test.scripts.SearchClientTest -->
    </test> <!-- Default test -->
  </suite> <!-- Default suite -->
</testng-results>
