<?xml version="1.0" encoding="UTF-8"?>
<testng-results skipped="1" failed="0" ignored="0" total="4" passed="3">
  <reporter-output>
  </reporter-output>
  <suite name="Suite" duration-ms="63194" started-at="2020-03-02T07:10:32Z" finished-at="2020-03-02T07:11:35Z">
    <groups>
    </groups>
    <test name="Test" duration-ms="63194" started-at="2020-03-02T07:10:32Z" finished-at="2020-03-02T07:11:35Z">
      <class name="org.test.scripts.LoginTest">
        <test-method status="PASS" signature="setUp()[pri:0, instance:org.test.scripts.LoginTest@77cd7a0]" name="setUp" is-config="true" duration-ms="269" started-at="2020-03-02T07:10:32Z" finished-at="2020-03-02T07:10:32Z">
          <reporter-output>
          </reporter-output>
        </test-method> <!-- setUp -->
        <test-method status="PASS" signature="setUp()[pri:0, instance:org.test.scripts.SearchCorporateTest@204f30ec]" name="setUp" is-config="true" duration-ms="1" started-at="2020-03-02T07:10:32Z" finished-at="2020-03-02T07:10:32Z">
          <reporter-output>
          </reporter-output>
        </test-method> <!-- setUp -->
        <test-method status="PASS" signature="browserLaunch()[pri:0, instance:org.test.scripts.LoginTest@77cd7a0]" name="browserLaunch" is-config="true" duration-ms="4560" started-at="2020-03-02T07:10:32Z" finished-at="2020-03-02T07:10:37Z">
          <reporter-output>
          </reporter-output>
        </test-method> <!-- browserLaunch -->
        <test-method status="PASS" signature="invalidLogin()[pri:0, instance:org.test.scripts.LoginTest@77cd7a0]" name="invalidLogin" duration-ms="6595" started-at="2020-03-02T07:10:37Z" finished-at="2020-03-02T07:10:43Z">
          <reporter-output>
          </reporter-output>
        </test-method> <!-- invalidLogin -->
        <test-method status="PASS" signature="ShutBrowser()[pri:0, instance:org.test.scripts.LoginTest@77cd7a0]" name="ShutBrowser" is-config="true" duration-ms="513" started-at="2020-03-02T07:10:43Z" finished-at="2020-03-02T07:10:44Z">
          <reporter-output>
          </reporter-output>
        </test-method> <!-- ShutBrowser -->
        <test-method status="PASS" signature="browserLaunch()[pri:0, instance:org.test.scripts.LoginTest@77cd7a0]" name="browserLaunch" is-config="true" duration-ms="3881" started-at="2020-03-02T07:10:44Z" finished-at="2020-03-02T07:10:48Z">
          <reporter-output>
          </reporter-output>
        </test-method> <!-- browserLaunch -->
        <test-method status="PASS" signature="validLogin()[pri:0, instance:org.test.scripts.LoginTest@77cd7a0]" name="validLogin" duration-ms="20071" started-at="2020-03-02T07:10:48Z" finished-at="2020-03-02T07:11:08Z">
          <reporter-output>
          </reporter-output>
        </test-method> <!-- validLogin -->
        <test-method status="PASS" signature="ShutBrowser()[pri:0, instance:org.test.scripts.LoginTest@77cd7a0]" name="ShutBrowser" is-config="true" duration-ms="331" started-at="2020-03-02T07:11:08Z" finished-at="2020-03-02T07:11:08Z">
          <reporter-output>
          </reporter-output>
        </test-method> <!-- ShutBrowser -->
      </class> <!-- org.test.scripts.LoginTest -->
      <class name="org.test.scripts.SearchCorporateTest">
        <test-method status="PASS" signature="browserLaunch()[pri:0, instance:org.test.scripts.SearchCorporateTest@204f30ec]" name="browserLaunch" is-config="true" duration-ms="3696" started-at="2020-03-02T07:11:08Z" finished-at="2020-03-02T07:11:12Z">
          <reporter-output>
          </reporter-output>
        </test-method> <!-- browserLaunch -->
        <test-method status="PASS" signature="searchByAccNo()[pri:0, instance:org.test.scripts.SearchCorporateTest@204f30ec]" name="searchByAccNo" duration-ms="23493" started-at="2020-03-02T07:11:12Z" finished-at="2020-03-02T07:11:35Z">
          <reporter-output>
          </reporter-output>
        </test-method> <!-- searchByAccNo -->
        <test-method status="FAIL" signature="ShutBrowser()[pri:0, instance:org.test.scripts.SearchCorporateTest@204f30ec]" name="ShutBrowser" is-config="true" duration-ms="0" started-at="2020-03-02T07:11:35Z" finished-at="2020-03-02T07:11:35Z">
          <exception class="java.lang.NullPointerException">
            <full-stacktrace>
              <![CDATA[java.lang.NullPointerException
at org.test.utilities.TestBase.repoStatus(TestBase.java:90)
at org.test.scripts.SearchCorporateTest.ShutBrowser(SearchCorporateTest.java:96)
at sun.reflect.NativeMethodAccessorImpl.invoke0(Native Method)
at sun.reflect.NativeMethodAccessorImpl.invoke(Unknown Source)
at sun.reflect.DelegatingMethodAccessorImpl.invoke(Unknown Source)
at java.lang.reflect.Method.invoke(Unknown Source)
at org.testng.internal.MethodInvocationHelper.invokeMethod(MethodInvocationHelper.java:124)
at org.testng.internal.MethodInvocationHelper.invokeMethodConsideringTimeout(MethodInvocationHelper.java:59)
at org.testng.internal.Invoker.invokeConfigurationMethod(Invoker.java:458)
at org.testng.internal.Invoker.invokeConfigurations(Invoker.java:222)
at org.testng.internal.Invoker.invokeMethod(Invoker.java:646)
at org.testng.internal.Invoker.invokeTestMethod(Invoker.java:719)
at org.testng.internal.Invoker.invokeTestMethods(Invoker.java:989)
at org.testng.internal.TestMethodWorker.invokeTestMethods(TestMethodWorker.java:125)
at org.testng.internal.TestMethodWorker.run(TestMethodWorker.java:109)
at org.testng.TestRunner.privateRun(TestRunner.java:648)
at org.testng.TestRunner.run(TestRunner.java:505)
at org.testng.SuiteRunner.runTest(SuiteRunner.java:455)
at org.testng.SuiteRunner.runSequentially(SuiteRunner.java:450)
at org.testng.SuiteRunner.privateRun(SuiteRunner.java:415)
at org.testng.SuiteRunner.run(SuiteRunner.java:364)
at org.testng.SuiteRunnerWorker.runSuite(SuiteRunnerWorker.java:52)
at org.testng.SuiteRunnerWorker.run(SuiteRunnerWorker.java:84)
at org.testng.TestNG.runSuitesSequentially(TestNG.java:1208)
at org.testng.TestNG.runSuitesLocally(TestNG.java:1137)
at org.testng.TestNG.runSuites(TestNG.java:1049)
at org.testng.TestNG.run(TestNG.java:1017)
at org.testng.remote.AbstractRemoteTestNG.run(AbstractRemoteTestNG.java:132)
at org.testng.remote.RemoteTestNG.initAndRun(RemoteTestNG.java:236)
at org.testng.remote.RemoteTestNG.main(RemoteTestNG.java:81)
]]>
            </full-stacktrace>
          </exception> <!-- java.lang.NullPointerException -->
          <reporter-output>
          </reporter-output>
        </test-method> <!-- ShutBrowser -->
        <test-method status="SKIP" signature="browserLaunch()[pri:0, instance:org.test.scripts.SearchCorporateTest@204f30ec]" name="browserLaunch" is-config="true" duration-ms="0" started-at="2020-03-02T07:11:35Z" finished-at="2020-03-02T07:11:35Z">
          <reporter-output>
          </reporter-output>
        </test-method> <!-- browserLaunch -->
        <test-method status="SKIP" signature="searchByName()[pri:0, instance:org.test.scripts.SearchCorporateTest@204f30ec]" name="searchByName" duration-ms="0" started-at="2020-03-02T07:11:35Z" finished-at="2020-03-02T07:11:35Z">
          <exception class="java.lang.NullPointerException">
            <full-stacktrace>
              <![CDATA[java.lang.NullPointerException
at org.test.utilities.TestBase.repoStatus(TestBase.java:90)
at org.test.scripts.SearchCorporateTest.ShutBrowser(SearchCorporateTest.java:96)
at sun.reflect.NativeMethodAccessorImpl.invoke0(Native Method)
at sun.reflect.NativeMethodAccessorImpl.invoke(Unknown Source)
at sun.reflect.DelegatingMethodAccessorImpl.invoke(Unknown Source)
at java.lang.reflect.Method.invoke(Unknown Source)
at org.testng.internal.MethodInvocationHelper.invokeMethod(MethodInvocationHelper.java:124)
at org.testng.internal.MethodInvocationHelper.invokeMethodConsideringTimeout(MethodInvocationHelper.java:59)
at org.testng.internal.Invoker.invokeConfigurationMethod(Invoker.java:458)
at org.testng.internal.Invoker.invokeConfigurations(Invoker.java:222)
at org.testng.internal.Invoker.invokeMethod(Invoker.java:646)
at org.testng.internal.Invoker.invokeTestMethod(Invoker.java:719)
at org.testng.internal.Invoker.invokeTestMethods(Invoker.java:989)
at org.testng.internal.TestMethodWorker.invokeTestMethods(TestMethodWorker.java:125)
at org.testng.internal.TestMethodWorker.run(TestMethodWorker.java:109)
at org.testng.TestRunner.privateRun(TestRunner.java:648)
at org.testng.TestRunner.run(TestRunner.java:505)
at org.testng.SuiteRunner.runTest(SuiteRunner.java:455)
at org.testng.SuiteRunner.runSequentially(SuiteRunner.java:450)
at org.testng.SuiteRunner.privateRun(SuiteRunner.java:415)
at org.testng.SuiteRunner.run(SuiteRunner.java:364)
at org.testng.SuiteRunnerWorker.runSuite(SuiteRunnerWorker.java:52)
at org.testng.SuiteRunnerWorker.run(SuiteRunnerWorker.java:84)
at org.testng.TestNG.runSuitesSequentially(TestNG.java:1208)
at org.testng.TestNG.runSuitesLocally(TestNG.java:1137)
at org.testng.TestNG.runSuites(TestNG.java:1049)
at org.testng.TestNG.run(TestNG.java:1017)
at org.testng.remote.AbstractRemoteTestNG.run(AbstractRemoteTestNG.java:132)
at org.testng.remote.RemoteTestNG.initAndRun(RemoteTestNG.java:236)
at org.testng.remote.RemoteTestNG.main(RemoteTestNG.java:81)
]]>
            </full-stacktrace>
          </exception> <!-- java.lang.NullPointerException -->
          <reporter-output>
          </reporter-output>
        </test-method> <!-- searchByName -->
        <test-method status="SKIP" signature="ShutBrowser()[pri:0, instance:org.test.scripts.SearchCorporateTest@204f30ec]" name="ShutBrowser" is-config="true" duration-ms="0" started-at="2020-03-02T07:11:35Z" finished-at="2020-03-02T07:11:35Z">
          <reporter-output>
          </reporter-output>
        </test-method> <!-- ShutBrowser -->
      </class> <!-- org.test.scripts.SearchCorporateTest -->
    </test> <!-- Test -->
  </suite> <!-- Suite -->
</testng-results>
